TN:
SF:lib/k8s-graceful-shutdown.ts
FN:20,(anonymous_0)
FN:27,(anonymous_1)
FN:28,(anonymous_2)
FN:29,(anonymous_3)
FN:35,(anonymous_4)
FN:42,(anonymous_5)
FN:47,(anonymous_6)
FN:58,(anonymous_7)
FN:59,(anonymous_8)
FN:60,(anonymous_9)
FN:61,(anonymous_10)
FN:65,(anonymous_11)
FNF:12
FNH:12
FNDA:1,(anonymous_0)
FNDA:1,(anonymous_1)
FNDA:3,(anonymous_2)
FNDA:3,(anonymous_3)
FNDA:3,(anonymous_4)
FNDA:3,(anonymous_5)
FNDA:3,(anonymous_6)
FNDA:7,(anonymous_7)
FNDA:21,(anonymous_8)
FNDA:39,(anonymous_9)
FNDA:3,(anonymous_10)
FNDA:10,(anonymous_11)
DA:20,1
DA:21,1
DA:22,1
DA:27,1
DA:28,1
DA:29,3
DA:30,3
DA:34,1
DA:35,1
DA:36,3
DA:42,1
DA:43,3
DA:44,3
DA:46,1
DA:47,1
DA:48,3
DA:58,1
DA:59,7
DA:60,21
DA:61,39
DA:65,7
DA:66,10
DA:67,10
DA:68,10
DA:69,5
DA:71,4
DA:74,1
DA:79,1
LF:28
LH:28
BRDA:44,0,0,2
BRDA:44,0,1,1
BRDA:66,1,0,9
BRDA:66,1,1,1
BRDA:66,2,0,10
BRDA:66,2,1,10
BRDA:68,3,0,5
BRDA:68,3,1,4
BRF:8
BRH:8
end_of_record
